<?xml version="1.0" encoding="UTF-8"?>
<!-- Generated by org.testng.reporters.JUnitReportReporter -->
<testsuite skipped="0" hostname="BHUSHAN" name="Runner.MyTestRunner" tests="2" failures="0" timestamp="2022-07-14T16:08:30 IST" time="74.855" errors="0">
  <testcase name="runScenario" time="35.826" classname="Runner.MyTestRunner"/>
  <system-out/>
  <testcase name="runScenario" time="39.029" classname="Runner.MyTestRunner"/>
  <system-out/>
</testsuite> <!-- Runner.MyTestRunner -->
