<?xml version="1.0" encoding="UTF-8"?>
<!-- Generated by org.testng.reporters.JUnitReportReporter -->
<testsuite skipped="0" hostname="BHUSHAN" name="Runner.MyTestRunner" tests="1" failures="0" timestamp="2022-07-17T02:07:57 IST" time="45.615" errors="0">
  <testcase name="runScenario" time="45.615" classname="Runner.MyTestRunner"/>
  <system-out/>
</testsuite> <!-- Runner.MyTestRunner -->
